[0531/023445.632:ERROR:process_reader_win.cc(123)] NtOpenThread: {Access Denied} A process has requested access to an object, but has not been granted those access rights. (0xc0000022)
[0531/023445.632:ERROR:process_reader_win.cc(151)] SuspendThread: Access is denied. (0x5)
[0531/023445.632:ERROR:process_reader_win.cc(151)] SuspendThread: Access is denied. (0x5)
[0531/023445.632:ERROR:process_reader_win.cc(151)] SuspendThread: Access is denied. (0x5)
[0531/023445.632:ERROR:process_reader_win.cc(151)] SuspendThread: Access is denied. (0x5)
[0531/023445.632:ERROR:process_reader_win.cc(151)] SuspendThread: Access is denied. (0x5)
[0531/023445.632:ERROR:process_reader_win.cc(151)] SuspendThread: Access is denied. (0x5)
[0531/023445.632:ERROR:process_reader_win.cc(151)] SuspendThread: Access is denied. (0x5)
[0531/023445.633:ERROR:process_reader_win.cc(123)] NtOpenThread: {Access Denied} A process has requested access to an object, but has not been granted those access rights. (0xc0000022)
[0531/023445.632:ERROR:exception_snapshot_win.cc(98)] thread ID 6416 not found in process
[0531/023445.633:ERROR:exception_snapshot_win.cc(98)] thread ID 2020 not found in process
[0531/023445.633:ERROR:process_reader_win.cc(123)] NtOpenThread: {Access Denied} A process has requested access to an object, but has not been granted those access rights. (0xc0000022)
[0531/023445.633:ERROR:exception_snapshot_win.cc(98)] thread ID 8648 not found in process
[0531/023445.635:ERROR:process_reader_win.cc(123)] NtOpenThread: {Access Denied} A process has requested access to an object, but has not been granted those access rights. (0xc0000022)
[0531/023445.635:ERROR:exception_snapshot_win.cc(98)] thread ID 9428 not found in process
[0531/023445.636:ERROR:process_reader_win.cc(151)] SuspendThread: Access is denied. (0x5)
[0531/023445.636:ERROR:process_reader_win.cc(151)] SuspendThread: Access is denied. (0x5)
[0531/023445.636:ERROR:process_reader_win.cc(151)] SuspendThread: Access is denied. (0x5)
[0531/023445.636:ERROR:process_reader_win.cc(123)] NtOpenThread: {Access Denied} A process has requested access to an object, but has not been granted those access rights. (0xc0000022)
[0531/023445.636:ERROR:exception_snapshot_win.cc(98)] thread ID 8672 not found in process
[0531/023445.652:ERROR:process_reader_win.cc(151)] SuspendThread: Access is denied. (0x5)
[0531/023445.652:ERROR:process_reader_win.cc(151)] SuspendThread: Access is denied. (0x5)
[0531/023445.652:ERROR:process_reader_win.cc(123)] NtOpenThread: {Access Denied} A process has requested access to an object, but has not been granted those access rights. (0xc0000022)
[0531/023445.652:ERROR:process_reader_win.cc(151)] SuspendThread: Access is denied. (0x5)
[0531/023445.652:ERROR:process_reader_win.cc(151)] SuspendThread: Access is denied. (0x5)
[0531/023445.652:ERROR:exception_snapshot_win.cc(98)] thread ID 7080 not found in process
[0531/023445.652:ERROR:process_reader_win.cc(151)] SuspendThread: Access is denied. (0x5)
[0531/023445.652:ERROR:process_reader_win.cc(123)] NtOpenThread: {Access Denied} A process has requested access to an object, but has not been granted those access rights. (0xc0000022)
[0531/023445.652:ERROR:exception_snapshot_win.cc(98)] thread ID 9472 not found in process
[0531/023445.662:ERROR:process_reader_win.cc(151)] SuspendThread: Access is denied. (0x5)
[0531/023445.662:ERROR:process_reader_win.cc(123)] NtOpenThread: {Access Denied} A process has requested access to an object, but has not been granted those access rights. (0xc0000022)
[0531/023445.662:ERROR:exception_snapshot_win.cc(98)] thread ID 9548 not found in process
[0531/023445.676:ERROR:process_reader_win.cc(123)] NtOpenThread: {Access Denied} A process has requested access to an object, but has not been granted those access rights. (0xc0000022)
[0531/023445.676:ERROR:exception_snapshot_win.cc(98)] thread ID 8548 not found in process
[0531/023445.679:ERROR:process_reader_win.cc(151)] SuspendThread: Access is denied. (0x5)
[0531/023445.679:ERROR:process_reader_win.cc(151)] SuspendThread: Access is denied. (0x5)
[0531/023445.679:ERROR:process_reader_win.cc(151)] SuspendThread: Access is denied. (0x5)
[0531/023445.679:ERROR:process_reader_win.cc(151)] SuspendThread: Access is denied. (0x5)
[0531/023445.679:ERROR:process_reader_win.cc(123)] NtOpenThread: {Access Denied} A process has requested access to an object, but has not been granted those access rights. (0xc0000022)
[0531/023445.679:ERROR:exception_snapshot_win.cc(98)] thread ID 5492 not found in process
[0531/023445.681:ERROR:process_reader_win.cc(123)] NtOpenThread: {Access Denied} A process has requested access to an object, but has not been granted those access rights. (0xc0000022)
[0531/023445.681:ERROR:exception_snapshot_win.cc(98)] thread ID 8324 not found in process
[0531/023445.691:ERROR:process_reader_win.cc(123)] NtOpenThread: {Access Denied} A process has requested access to an object, but has not been granted those access rights. (0xc0000022)
[0531/023445.691:ERROR:exception_snapshot_win.cc(98)] thread ID 2296 not found in process
[0531/023445.691:ERROR:scoped_process_suspend.cc(40)] NtResumeProcess: An attempt was made to access an exiting process. (0xc000010a)
[0531/023445.723:ERROR:process_info.cc(329)] VirtualQueryEx: Access is denied. (0x5)
[0531/023445.723:ERROR:process_info.cc(556)] ReadMemoryInfo failed
[0531/023445.723:ERROR:process_memory_win.cc(39)] Failed to initialize ProcessInfo.
[0531/023445.723:ERROR:scoped_process_suspend.cc(40)] NtResumeProcess: An attempt was made to access an exiting process. (0xc000010a)
